<?xml version="1.0" encoding="UTF-8"?>
<!-- Generated by org.testng.reporters.JUnitReportReporter -->
<testsuite skipped="0" hostname="jk" name="com.LimelightHealtQA.LimelightProjectCarlos.AmazonTest" tests="1" failures="0" timestamp="12 ago 2017 00:19:11 GMT" time="138.549" errors="0">
  <testcase name="TestAmazon" time="138.549" classname="com.LimelightHealtQA.LimelightProjectCarlos.AmazonTest"/>
</testsuite> <!-- com.LimelightHealtQA.LimelightProjectCarlos.AmazonTest -->
