<?xml version="1.0" encoding="UTF-8"?>
<!-- Generated by org.testng.reporters.JUnitReportReporter -->
<testsuite skipped="0" hostname="jk" name="com.LimelightHealtQA.LimelightProjectCarlos.AmazonTest" tests="1" failures="0" timestamp="10 ago 2017 06:49:34 GMT" time="112.039" errors="0">
  <testcase name="TestAmazon" time="112.039" classname="com.LimelightHealtQA.LimelightProjectCarlos.AmazonTest"/>
</testsuite> <!-- com.LimelightHealtQA.LimelightProjectCarlos.AmazonTest -->
